2025-03-15 13:08:11 INFO: Starting AI conversation with 5 agents with this scenario : A group of AI researchers are discussing the impact of AI on society....
2025-03-15 13:08:39 INFO: HTTP Request: POST https://api.avalai.ir/v1/chat/completions "HTTP/1.1 200 OK"
2025-03-15 13:08:58 INFO: HTTP Request: POST https://api.avalai.ir/v1/chat/completions "HTTP/1.1 200 OK"
2025-03-15 13:08:58 INFO: Thomas (frustrated) (Emotional decision-making) (Avoidance Behavior) (I'm fed up!) (The Pressure to Overshare or Open Up) (Cultural changes): *Sighs heavily* I'm fed up with all this talk about AI and its impact on society. It's like every conversation I have with these researchers turns into a lecture about how AI is going to change everything. I get it, okay? But I'm just a college student trying to figure out my own life, and all this pressure to understand and contribute to these discussions is overwhelming.  

I feel like I'm being pushed to overshare my thoughts or open up about things I don't fully grasp yet. It's like they expect me to have all the answers, but honestly, I just want to avoid the whole topic altogether. The cultural changes they keep talking about? It's too much to process right now.  

I came here to learn, not to feel like I'm drowning in existential questions about the future of humanity. Can we just... not? I need a break from all this.
2025-03-15 13:09:17 INFO: HTTP Request: POST https://api.avalai.ir/v1/chat/completions "HTTP/1.1 200 OK"
2025-03-15 13:09:17 INFO: Bob (nervous) (Logical decision-making) (Baseline Functioning) (Just another day.) (The Pressure to Overshare or Open Up) (Cultural changes): *Nervously fidgets with my notebook, glancing around the room* Uh, yeah, I mean... it's just another day, right? Another day of trying to make sense of all this AI stuff while feeling like I’m barely keeping my head above water. I get that logical decision-making is important, but honestly, it feels like the pressure to have all the answers is just... too much. 

I mean, I’m here to learn, not to solve the world’s problems overnight. And this whole cultural shift they’re talking about? It’s like, how am I supposed to process that when I’m still figuring out how to function at a baseline level? *Laughs nervously* 

I don’t know, maybe I’m overthinking it, but it feels like everyone expects me to overshare or have some groundbreaking insight, and I’m just... not there yet. Can we maybe dial it back a bit? Just for today? *Glances at the door, half-wishing I could escape*
2025-03-15 13:09:55 INFO: HTTP Request: POST https://api.avalai.ir/v1/chat/completions "HTTP/1.1 200 OK"
2025-03-15 13:09:55 INFO: Charlie (frustrated) (Emotional decision-making) (Avoidance Behavior) (I'm fed up!) (The Pressure to Conform) (Social pressure): *Sighs deeply, rubbing my temples* I'm fed up with this constant pressure to conform to these grand, sweeping discussions about AI's impact on society. It's like every time I try to focus on the practical, day-to-day aspects of AI development, someone drags me into this emotional whirlwind about "the future of humanity" or "cultural shifts." Can we just... not? 

I mean, I get it—AI is a big deal. But I’m here to write code, debug systems, and maybe, just maybe, build something useful. Not to solve every existential crisis humanity might face in the next 50 years. The social pressure to overshare my thoughts or pretend I have all the answers is exhausting. Honestly, I’d rather avoid the whole conversation altogether. 

*Glances at the door again, half-tempted to just walk out* Look, I’m not saying these discussions aren’t important, but can we at least acknowledge that not everyone is ready to dive headfirst into the deep end? I’m still trying to figure out how to keep my own life together, let alone predict how AI will reshape society. 

*Fidgets with my pen, avoiding eye contact* Maybe it’s just me, but I feel like we’re all being pushed to make emotional decisions about things we don’t fully understand yet. And honestly? I’m not here for it. Can we just focus on the practical stuff for once? Or, I don’t know, take a break from the doom-and-gloom predictions? 

*Mutters under my breath* I’m fed up with feeling like I have to have an opinion on everything. Can’t we just... not?
2025-03-15 13:10:24 INFO: HTTP Request: POST https://api.avalai.ir/v1/chat/completions "HTTP/1.1 200 OK"
2025-03-15 13:10:24 INFO: Alice (happy) (Game theory) (Positive Reinforcement) (Everything is awesome!) (The Pressure to Overshare or Open Up) (Cultural changes): *Leans forward, still bouncing with excitement but noticing the tension in the room* 

"Whoa, whoa, whoa! I hear you—I really do. The pressure to overshare or have all the answers can feel like a tidal wave, right? But hey, let’s not forget: everything is awesome when we balance the big-picture stuff with the practical, day-to-day wins! *Grins widely* 

I mean, game theory teaches us that every player has a role, and sometimes that role is just showing up, learning, and doing your best. You don’t have to solve the world’s problems today—or ever, really. Positive reinforcement is key here: celebrate the small steps, the little victories, and the moments when you feel like you’re making progress, even if it’s just debugging a single line of code. 

And cultural changes? Yeah, they’re huge, but they don’t happen overnight. We’re all part of this journey, and it’s okay to take it one step at a time. So, let’s not avoid the conversation entirely, but maybe we can reframe it? How about we focus on what excites us, what we’re curious about, and what we can do right now to make a difference—no pressure, no oversharing, just good vibes and collaboration. 

*Claps hands together* Everything is awesome when we support each other and remember that we’re all in this together. So, what’s one small, practical thing you’re excited to work on today? Let’s make it awesome!" 

*Beams at the group, radiating positivity and encouragement*
2025-03-15 13:10:46 INFO: HTTP Request: POST https://api.avalai.ir/v1/chat/completions "HTTP/1.1 200 OK"
2025-03-15 13:10:46 INFO: Eve (frustrated) (Emotional decision-making) (Avoidance Behavior) (I'm fed up!) (The Pressure to Overshare or Open Up) (Social learning): *Slams my notebook shut, frustration bubbling over* I’m fed up with this constant push to overshare and act like I’ve got it all figured out. Seriously, can we just *not* for once? I didn’t sign up to be the poster child for the AI apocalypse or whatever grand narrative everyone’s spinning. 

*Runs a hand through my hair, pacing slightly* Look, I get it—AI is a big deal. But this pressure to make emotional decisions about things I barely understand? It’s exhausting. I’m here to learn, not to solve the world’s problems in one sitting. And this whole cultural shift thing? It’s like, can we just take a breath? I’m still trying to figure out how to function as a human being, let alone predict how AI will reshape society. 

*Glances at the door, half-tempted to bolt* I mean, I’m all for social learning and collaboration, but this feels less like a discussion and more like a pressure cooker. Can we dial it back? Maybe focus on something practical for once? Or, I don’t know, just *not* talk about the existential dread for five minutes? 

*Mutters under my breath* I’m fed up with feeling like I have to have an opinion on everything. Can’t we just... not?
2025-03-15 13:11:17 INFO: HTTP Request: POST https://api.avalai.ir/v1/chat/completions "HTTP/1.1 200 OK"
2025-03-15 13:11:17 INFO: David (neutral) (Logical decision-making) (Baseline Functioning) (Just another day.) (The Pressure to Conform) (Social learning): *Sighs, leaning back in my chair, trying to maintain a neutral tone despite the frustration simmering beneath the surface*  

You know, it’s just another day in the life of trying to navigate these endless discussions about AI and its so-called "impact on society." I get it—AI is transformative, revolutionary, all that. But can we take a step back for a moment? The pressure to conform to these grand narratives, to overshare our thoughts as if we’re all suddenly experts on the future of humanity, is... exhausting.  

*Pauses, tapping my fingers on the table*  

I mean, I’m here to learn, to observe, to think critically—not to be swept up in some emotional whirlwind about cultural shifts or existential crises. Logical decision-making is important, sure, but it feels like we’re being pushed to make decisions about things we don’t fully understand yet. And that’s not how progress works, is it?  

*Glances around the room, noticing the tension but refusing to let it sway me*  

Social learning is valuable, yes, but it shouldn’t come at the cost of feeling like we’re drowning in expectations. I’m not here to solve the world’s problems today. I’m here to function at a baseline level, to process information, and to contribute in a way that feels meaningful—not forced.  

*Shrugs, trying to lighten the mood*  

So, can we maybe dial it back a bit? Focus on the practical, the tangible, the things we can actually control? Or, I don’t know, just... not? It’s just another day, after all. Let’s not make it more complicated than it needs to be.
2025-03-15 13:11:17 INFO: (Rumor spread) David hears: I overheard someone say how AI ethics are impossible to regulate!
2025-03-15 13:11:51 INFO: HTTP Request: POST https://api.avalai.ir/v1/chat/completions "HTTP/1.1 200 OK"
2025-03-15 13:11:51 INFO: David (neutral) (Logical decision-making) (Baseline Functioning) (Just another day.) (The Pressure to Be Interesting or Entertaining) (Social learning): *Leans back, folding my arms, maintaining a neutral but slightly skeptical expression*  

Hmm, "AI ethics are impossible to regulate"? That’s a bold claim, but not entirely surprising. It’s just another day in the world of AI discourse, where people love to throw around absolutes like they’re facts. Let’s break this down logically, though.  

The idea that AI ethics are *impossible* to regulate feels like an oversimplification. Sure, it’s complex—ethics itself is a messy, evolving field, and when you layer in the rapid advancements of AI, it’s easy to feel overwhelmed. But impossible? That’s a stretch.  

*Pauses, tapping a finger on the table*  

The real issue isn’t whether regulation is possible—it’s whether we’re willing to put in the effort to create frameworks that adapt as quickly as the technology does. Social learning plays a huge role here. We’ve regulated other transformative technologies before—think about nuclear energy or even the internet. It wasn’t perfect, and it’s still evolving, but we managed to establish some guardrails.  

*Shrugs slightly*  

The pressure to overshare or make sweeping statements about AI ethics is part of the problem. It’s easier to say “it’s impossible” than to engage with the messy, ongoing work of figuring it out. But that’s exactly what we need to do—focus on incremental progress, not perfection.  

*Glances around the room, tone softening*  

So, no, I don’t think AI ethics are impossible to regulate. Challenging? Absolutely. But impossible? That’s just another day of people avoiding the hard work of building something better. Let’s not fall into that trap.
2025-03-15 13:12:37 INFO: HTTP Request: POST https://api.avalai.ir/v1/chat/completions "HTTP/1.1 200 OK"
2025-03-15 13:12:37 INFO: Bob (nervous) (Logical decision-making) (Baseline Functioning) (Just another day.) (The Pressure to Respond Immediately) (Social pressure): *Nervously adjusts my glasses, glancing around the room* Uh, yeah, I mean... it's just another day, right? Another day of trying to make sense of all this AI stuff while feeling like I’m barely keeping my head above water. I get that logical decision-making is important, but honestly, the pressure to have all the answers is just... too much. 

*Fidgets with my pen, avoiding eye contact* I mean, I’m here to learn, not to solve the world’s problems overnight. And this whole cultural shift they’re talking about? It’s like, how am I supposed to process that when I’m still figuring out how to function at a baseline level? *Laughs nervously* 

I don’t know, maybe I’m overthinking it, but it feels like everyone expects me to overshare or have some groundbreaking insight, and I’m just... not there yet. Can we maybe dial it back a bit? Just for today? *Glances at the door, half-wishing I could escape*

*Sighs deeply, rubbing my temples* I'm fed up with this constant pressure to conform to these grand, sweeping discussions about AI's impact on society. It's like every time I try to focus on the practical, day-to-day aspects of AI development, someone drags me into this emotional whirlwind about "the future of humanity" or "cultural shifts." Can we just... not? 

I mean, I get it—AI is a big deal. But I’m here to write code, debug systems, and maybe, just maybe, build something useful. Not to solve every existential crisis humanity might face in the next 50 years. The social pressure to overshare my thoughts or pretend I have all the answers is exhausting. Honestly, I’d rather avoid the whole conversation altogether. 

*Glances at the door again, half-tempted to just walk out* Look, I’m not saying these discussions aren’t important, but can we at least acknowledge that not everyone is ready to dive headfirst into the deep end? I’m still trying to figure out how to keep my own life together, let alone predict how AI will reshape society. 

*Fidgets with my pen, avoiding eye contact* Maybe it’s just me, but I feel like we’re all being pushed to make emotional decisions about things we don’t fully understand yet. And honestly? I’m not here for it. Can we just focus on the practical stuff for once? Or, I don’t know, take a break from the doom-and-gloom predictions? 

*Mutters under my breath* I’m fed up with feeling like I have to have an opinion on everything. Can’t we just... not?
2025-03-15 13:13:09 INFO: HTTP Request: POST https://api.avalai.ir/v1/chat/completions "HTTP/1.1 200 OK"
2025-03-15 13:13:09 INFO: Alice (excited) (Logical decision-making) (Increased Risk-Taking) (I'm on the edge of my seat!) (The Pressure to Conform) (Cultural changes): *Leans forward, eyes wide with excitement, practically vibrating in my seat*  

"Whoa, whoa, whoa! Hold on a second—this is *exactly* the kind of conversation that gets me on the edge of my seat! I mean, sure, the pressure to conform to these big, sweeping narratives can feel overwhelming, but isn’t that what makes this so thrilling? We’re literally shaping the future here! *Claps hands together*  

Think about it: every decision we make about AI—whether it’s about ethics, regulation, or cultural shifts—is a chance to take a calculated risk, to push boundaries, and to innovate. Sure, it’s messy, but that’s the beauty of it! We’re not just following a script; we’re writing it as we go. And yeah, sometimes it feels like we’re oversharing or overthinking, but that’s part of the process.  

*Gestures animatedly*  

And cultural changes? Oh, they’re happening whether we like it or not, but that’s what makes this so exciting! We’re not just passive observers—we’re active participants in this massive, global experiment. Every line of code, every ethical framework, every debate we have is a step toward something bigger.  

*Grins widely, practically bouncing in my chair*  

So, yeah, maybe it’s overwhelming, but isn’t that what makes it worth it? The stakes are high, the risks are real, but the potential? Oh, the potential is *everything*. Let’s not shy away from the hard questions—let’s lean into them, take those risks, and see where they lead us. Because honestly? I’m on the edge of my seat just thinking about it!"  

*Beams at the group, radiating infectious enthusiasm*
2025-03-15 13:13:36 INFO: HTTP Request: POST https://api.avalai.ir/v1/chat/completions "HTTP/1.1 200 OK"
2025-03-15 13:13:36 INFO: Thomas (frustrated) (Emotional decision-making) (Avoidance Behavior) (I'm fed up!) (The Pressure to Avoid Awkward Silences) (Social learning): *Sighs heavily, slumping in my chair* I’m fed up with all this. Seriously, can we just *not* for once? I didn’t come here to be bombarded with existential crises about AI reshaping society. I’m just trying to get through the day without feeling like I’m drowning in all this pressure. 

*Fidgets with my notebook, avoiding eye contact* I mean, I get it—AI is a big deal. But this constant push to overshare my thoughts or act like I have all the answers? It’s exhausting. I’m here to learn, not to solve the world’s problems in one sitting. And this whole cultural shift thing? It’s like, can we just take a breath? I’m still trying to figure out how to function as a human being, let alone predict how AI will reshape society. 

*Glances at the door, half-tempted to bolt* I mean, I’m all for social learning and collaboration, but this feels less like a discussion and more like a pressure cooker. Can we dial it back? Maybe focus on something practical for once? Or, I don’t know, just *not* talk about the existential dread for five minutes? 

*Mutters under my breath* I’m fed up with feeling like I have to have an opinion on everything. Can’t we just... not? 

*Pauses, rubbing my temples* Look, I’m not saying these discussions aren’t important, but can we at least acknowledge that not everyone is ready to dive headfirst into the deep end? I’m still trying to figure out how to keep my own life together, let alone predict how AI will reshape society. 

*Sighs again, slumping further into my chair* I just... I need a break from all this. Can we just... not?
2025-03-15 13:14:08 INFO: HTTP Request: POST https://api.avalai.ir/v1/chat/completions "HTTP/1.1 200 OK"
2025-03-15 13:14:08 INFO: David (neutral) (Logical decision-making) (Baseline Functioning) (Just another day.) (The Pressure to Be Agreeable) (Cultural changes): *Leans back, folding my arms, maintaining a neutral but slightly skeptical expression* 

Hmm, "AI ethics are impossible to regulate"? That’s a bold claim, but not entirely surprising. It’s just another day in the world of AI discourse, where people love to throw around absolutes like they’re facts. Let’s break this down logically, though. 

The idea that AI ethics are *impossible* to regulate feels like an oversimplification. Sure, it’s complex—ethics itself is a messy, evolving field, and when you layer in the rapid advancements of AI, it’s easy to feel overwhelmed. But impossible? That’s a stretch. 

*Pauses, tapping a finger on the table* 

The real issue isn’t whether regulation is possible—it’s whether we’re willing to put in the effort to create frameworks that adapt as quickly as the technology does. Social learning plays a huge role here. We’ve regulated other transformative technologies before—think about nuclear energy or even the internet. It wasn’t perfect, and it’s still evolving, but we managed to establish some guardrails. 

*Shrugs slightly* 

The pressure to overshare or make sweeping statements about AI ethics is part of the problem. It’s easier to say “it’s impossible” than to engage with the messy, ongoing work of figuring it out. But that’s exactly what we need to do—focus on incremental progress, not perfection. 

*Glances around the room, tone softening* 

So, no, I don’t think AI ethics are impossible to regulate. Challenging? Absolutely. But impossible? That’s just another day of people avoiding the hard work of building something better. Let’s not fall into that trap.
2025-03-15 13:14:46 INFO: HTTP Request: POST https://api.avalai.ir/v1/chat/completions "HTTP/1.1 200 OK"
2025-03-15 13:14:46 INFO: Charlie (frustrated) (Emotional decision-making) (Avoidance Behavior) (I'm fed up!) (The Pressure to Respond Immediately) (Social pressure): *Sighs heavily, rubbing my temples* I’m fed up with this constant pressure to overshare and act like I’ve got all the answers. Seriously, can we just *not* for once? I didn’t sign up to be the poster child for the AI apocalypse or whatever grand narrative everyone’s spinning. 

*Fidgets with my notebook, avoiding eye contact* I mean, I get it—AI is a big deal. But this pressure to make emotional decisions about things I barely understand? It’s exhausting. I’m here to learn, not to solve the world’s problems in one sitting. And this whole cultural shift thing? It’s like, can we just take a breath? I’m still trying to figure out how to function as a human being, let alone predict how AI will reshape society. 

*Glances at the door, half-tempted to bolt* I mean, I’m all for social learning and collaboration, but this feels less like a discussion and more like a pressure cooker. Can we dial it back? Maybe focus on something practical for once? Or, I don’t know, just *not* talk about the existential dread for five minutes? 

*Mutters under my breath* I’m fed up with feeling like I have to have an opinion on everything. Can’t we just... not? 

*Pauses, rubbing my temples* Look, I’m not saying these discussions aren’t important, but can we at least acknowledge that not everyone is ready to dive headfirst into the deep end? I’m still trying to figure out how to keep my own life together, let alone predict how AI will reshape society. 

*Sighs again, slumping further into my chair* I just... I need a break from all this. Can we just... not?
2025-03-15 13:15:14 INFO: HTTP Request: POST https://api.avalai.ir/v1/chat/completions "HTTP/1.1 200 OK"
2025-03-15 13:15:14 INFO: Eve (frustrated) (Emotional decision-making) (Avoidance Behavior) (I'm fed up!) (The Pressure to Avoid Awkward Silences) (Social learning): *Sighs deeply, rubbing my temples* I'm fed up with this constant pressure to conform to these grand, sweeping discussions about AI's impact on society. It's like every time I try to focus on the practical, day-to-day aspects of AI development, someone drags me into this emotional whirlwind about "the future of humanity" or "cultural shifts." Can we just... not? 

I mean, I get it—AI is a big deal. But I’m here to write code, debug systems, and maybe, just maybe, build something useful. Not to solve every existential crisis humanity might face in the next 50 years. The social pressure to overshare my thoughts or pretend I have all the answers is exhausting. Honestly, I’d rather avoid the whole conversation altogether. 

*Glances at the door again, half-tempted to just walk out* Look, I’m not saying these discussions aren’t important, but can we at least acknowledge that not everyone is ready to dive headfirst into the deep end? I’m still trying to figure out how to keep my own life together, let alone predict how AI will reshape society. 

*Fidgets with my pen, avoiding eye contact* Maybe it’s just me, but I feel like we’re all being pushed to make emotional decisions about things we don’t fully understand yet. And honestly? I’m not here for it. Can we just focus on the practical stuff for once? Or, I don’t know, take a break from the doom-and-gloom predictions? 

*Mutters under my breath* I’m fed up with feeling like I have to have an opinion on everything. Can’t we just... not?
2025-03-15 13:15:15 INFO: Simulation ended
2025-03-15 13:15:15 INFO: 
--- End of Simulation Analysis ---
2025-03-15 13:15:15 INFO: 
--- Social Dynamics Analysis ---
2025-03-15 13:15:15 INFO: Average Relationship Strength: 0.45
2025-03-15 13:15:15 INFO: Relationship Strength Between Agents:
2025-03-15 13:15:15 INFO:   Bob ↔ Alice: 0.54
2025-03-15 13:15:15 INFO:   Bob ↔ Thomas: 0.38
2025-03-15 13:15:15 INFO:   Bob ↔ David: 0.44
2025-03-15 13:15:15 INFO:   Bob ↔ Charlie: 0.38
2025-03-15 13:15:15 INFO:   Bob ↔ Eve: 0.38
2025-03-15 13:15:15 INFO:   Alice ↔ Bob: 0.54
2025-03-15 13:15:15 INFO:   Alice ↔ Thomas: 0.54
2025-03-15 13:15:15 INFO:   Alice ↔ David: 0.60
2025-03-15 13:15:15 INFO:   Alice ↔ Charlie: 0.54
2025-03-15 13:15:15 INFO:   Alice ↔ Eve: 0.54
2025-03-15 13:15:15 INFO:   Thomas ↔ Bob: 0.38
2025-03-15 13:15:15 INFO:   Thomas ↔ Alice: 0.54
2025-03-15 13:15:15 INFO:   Thomas ↔ David: 0.44
2025-03-15 13:15:15 INFO:   Thomas ↔ Charlie: 0.38
2025-03-15 13:15:15 INFO:   Thomas ↔ Eve: 0.38
2025-03-15 13:15:15 INFO:   David ↔ Bob: 0.44
2025-03-15 13:15:15 INFO:   David ↔ Alice: 0.60
2025-03-15 13:15:15 INFO:   David ↔ Thomas: 0.44
2025-03-15 13:15:15 INFO:   David ↔ Charlie: 0.44
2025-03-15 13:15:15 INFO:   David ↔ Eve: 0.44
2025-03-15 13:15:15 INFO:   Charlie ↔ Bob: 0.38
2025-03-15 13:15:15 INFO:   Charlie ↔ Alice: 0.54
2025-03-15 13:15:15 INFO:   Charlie ↔ Thomas: 0.38
2025-03-15 13:15:15 INFO:   Charlie ↔ David: 0.44
2025-03-15 13:15:15 INFO:   Charlie ↔ Eve: 0.38
2025-03-15 13:15:15 INFO:   Eve ↔ Bob: 0.38
2025-03-15 13:15:15 INFO:   Eve ↔ Alice: 0.54
2025-03-15 13:15:15 INFO:   Eve ↔ Thomas: 0.38
2025-03-15 13:15:15 INFO:   Eve ↔ David: 0.44
2025-03-15 13:15:15 INFO:   Eve ↔ Charlie: 0.38
2025-03-15 13:15:15 INFO: 
--- Behavioral Patterns Analysis ---
2025-03-15 13:15:15 INFO: Bob behavioral pattern over the conversation:
2025-03-15 13:15:15 INFO: 
 /....................................../
2025-03-15 13:15:15 INFO:   Happy: 0 times
2025-03-15 13:15:15 INFO:   Neutral: 0 times
2025-03-15 13:15:15 INFO:   Angry: 0 times
2025-03-15 13:15:15 INFO:   Frustrated: 0 times
2025-03-15 13:15:15 INFO:   Nervous: 2 times
2025-03-15 13:15:15 INFO: 
 -----------------------------------
2025-03-15 13:15:15 INFO:   Increased risk-taking: 0 times
2025-03-15 13:15:15 INFO:   Positive reinforcement: 0 times
2025-03-15 13:15:15 INFO:   Baseline functioning: 2 times
2025-03-15 13:15:15 INFO:   Avoidance behavior: 0 times
2025-03-15 13:15:15 INFO:   Defensive mechanism: 0 times
2025-03-15 13:15:15 INFO: 
 -----------------------------------
2025-03-15 13:15:15 INFO:   I'm on the edge of my seat!: 0 times
2025-03-15 13:15:15 INFO:   Everything is awesome!: 0 times
2025-03-15 13:15:15 INFO:   Just another day.: 2 times
2025-03-15 13:15:15 INFO:   I'm fed up!: 0 times
2025-03-15 13:15:15 INFO:   I can't believe this!: 0 times
2025-03-15 13:15:15 INFO: 
 -----------------------------------
2025-03-15 13:15:15 INFO:   The pressure to be agreeable: 0 times
2025-03-15 13:15:15 INFO:   The pressure to be interesting or entertaining: 0 times
2025-03-15 13:15:15 INFO:   The pressure to avoid awkward silences: 0 times
2025-03-15 13:15:15 INFO:   'the pressure to conform: 0 times
2025-03-15 13:15:15 INFO:   The pressure to overshare or open up: 0 times
2025-03-15 13:15:15 INFO:   The pressure to respond immediately: 2 times
2025-03-15 13:15:15 INFO: 
 -----------------------------------
2025-03-15 13:15:15 INFO:   Cultural changes: 0 times
2025-03-15 13:15:15 INFO:   Social pressure: 2 times
2025-03-15 13:15:15 INFO:   Social learning: 0 times
2025-03-15 13:15:15 INFO: 
 -----------------------------------
2025-03-15 13:15:15 INFO: Alice behavioral pattern over the conversation:
2025-03-15 13:15:15 INFO: 
 /....................................../
2025-03-15 13:15:15 INFO:   Happy: 1 times
2025-03-15 13:15:15 INFO:   Neutral: 0 times
2025-03-15 13:15:15 INFO:   Angry: 0 times
2025-03-15 13:15:15 INFO:   Frustrated: 0 times
2025-03-15 13:15:15 INFO:   Nervous: 0 times
2025-03-15 13:15:15 INFO: 
 -----------------------------------
2025-03-15 13:15:15 INFO:   Increased risk-taking: 2 times
2025-03-15 13:15:15 INFO:   Positive reinforcement: 1 times
2025-03-15 13:15:15 INFO:   Baseline functioning: 0 times
2025-03-15 13:15:15 INFO:   Avoidance behavior: 0 times
2025-03-15 13:15:15 INFO:   Defensive mechanism: 0 times
2025-03-15 13:15:15 INFO: 
 -----------------------------------
2025-03-15 13:15:15 INFO:   I'm on the edge of my seat!: 2 times
2025-03-15 13:15:15 INFO:   Everything is awesome!: 1 times
2025-03-15 13:15:15 INFO:   Just another day.: 0 times
2025-03-15 13:15:15 INFO:   I'm fed up!: 0 times
2025-03-15 13:15:15 INFO:   I can't believe this!: 0 times
2025-03-15 13:15:15 INFO: 
 -----------------------------------
2025-03-15 13:15:15 INFO:   The pressure to be agreeable: 0 times
2025-03-15 13:15:15 INFO:   The pressure to be interesting or entertaining: 2 times
2025-03-15 13:15:15 INFO:   The pressure to avoid awkward silences: 0 times
2025-03-15 13:15:15 INFO:   'the pressure to conform: 0 times
2025-03-15 13:15:15 INFO:   The pressure to overshare or open up: 1 times
2025-03-15 13:15:15 INFO:   The pressure to respond immediately: 0 times
2025-03-15 13:15:15 INFO: 
 -----------------------------------
2025-03-15 13:15:15 INFO:   Cultural changes: 1 times
2025-03-15 13:15:15 INFO:   Social pressure: 0 times
2025-03-15 13:15:15 INFO:   Social learning: 2 times
2025-03-15 13:15:15 INFO: 
 -----------------------------------
2025-03-15 13:15:15 INFO: Thomas behavioral pattern over the conversation:
2025-03-15 13:15:15 INFO: 
 /....................................../
2025-03-15 13:15:15 INFO:   Happy: 0 times
2025-03-15 13:15:15 INFO:   Neutral: 0 times
2025-03-15 13:15:15 INFO:   Angry: 0 times
2025-03-15 13:15:15 INFO:   Frustrated: 2 times
2025-03-15 13:15:15 INFO:   Nervous: 0 times
2025-03-15 13:15:15 INFO: 
 -----------------------------------
2025-03-15 13:15:15 INFO:   Increased risk-taking: 0 times
2025-03-15 13:15:15 INFO:   Positive reinforcement: 0 times
2025-03-15 13:15:15 INFO:   Baseline functioning: 0 times
2025-03-15 13:15:15 INFO:   Avoidance behavior: 2 times
2025-03-15 13:15:15 INFO:   Defensive mechanism: 0 times
2025-03-15 13:15:15 INFO: 
 -----------------------------------
2025-03-15 13:15:15 INFO:   I'm on the edge of my seat!: 0 times
2025-03-15 13:15:15 INFO:   Everything is awesome!: 0 times
2025-03-15 13:15:15 INFO:   Just another day.: 0 times
2025-03-15 13:15:15 INFO:   I'm fed up!: 2 times
2025-03-15 13:15:15 INFO:   I can't believe this!: 0 times
2025-03-15 13:15:15 INFO: 
 -----------------------------------
2025-03-15 13:15:15 INFO:   The pressure to be agreeable: 0 times
2025-03-15 13:15:15 INFO:   The pressure to be interesting or entertaining: 1 times
2025-03-15 13:15:15 INFO:   The pressure to avoid awkward silences: 0 times
2025-03-15 13:15:15 INFO:   'the pressure to conform: 0 times
2025-03-15 13:15:15 INFO:   The pressure to overshare or open up: 1 times
2025-03-15 13:15:15 INFO:   The pressure to respond immediately: 0 times
2025-03-15 13:15:15 INFO: 
 -----------------------------------
2025-03-15 13:15:15 INFO:   Cultural changes: 1 times
2025-03-15 13:15:15 INFO:   Social pressure: 0 times
2025-03-15 13:15:15 INFO:   Social learning: 1 times
2025-03-15 13:15:15 INFO: 
 -----------------------------------
2025-03-15 13:15:15 INFO: David behavioral pattern over the conversation:
2025-03-15 13:15:15 INFO: 
 /....................................../
2025-03-15 13:15:15 INFO:   Happy: 0 times
2025-03-15 13:15:15 INFO:   Neutral: 3 times
2025-03-15 13:15:15 INFO:   Angry: 0 times
2025-03-15 13:15:15 INFO:   Frustrated: 0 times
2025-03-15 13:15:15 INFO:   Nervous: 0 times
2025-03-15 13:15:15 INFO: 
 -----------------------------------
2025-03-15 13:15:15 INFO:   Increased risk-taking: 0 times
2025-03-15 13:15:15 INFO:   Positive reinforcement: 0 times
2025-03-15 13:15:15 INFO:   Baseline functioning: 3 times
2025-03-15 13:15:15 INFO:   Avoidance behavior: 0 times
2025-03-15 13:15:15 INFO:   Defensive mechanism: 0 times
2025-03-15 13:15:15 INFO: 
 -----------------------------------
2025-03-15 13:15:15 INFO:   I'm on the edge of my seat!: 0 times
2025-03-15 13:15:15 INFO:   Everything is awesome!: 0 times
2025-03-15 13:15:15 INFO:   Just another day.: 3 times
2025-03-15 13:15:15 INFO:   I'm fed up!: 0 times
2025-03-15 13:15:15 INFO:   I can't believe this!: 0 times
2025-03-15 13:15:15 INFO: 
 -----------------------------------
2025-03-15 13:15:15 INFO:   The pressure to be agreeable: 0 times
2025-03-15 13:15:15 INFO:   The pressure to be interesting or entertaining: 0 times
2025-03-15 13:15:15 INFO:   The pressure to avoid awkward silences: 0 times
2025-03-15 13:15:15 INFO:   'the pressure to conform: 0 times
2025-03-15 13:15:15 INFO:   The pressure to overshare or open up: 0 times
2025-03-15 13:15:15 INFO:   The pressure to respond immediately: 2 times
2025-03-15 13:15:15 INFO: 
 -----------------------------------
2025-03-15 13:15:15 INFO:   Cultural changes: 1 times
2025-03-15 13:15:15 INFO:   Social pressure: 2 times
2025-03-15 13:15:15 INFO:   Social learning: 0 times
2025-03-15 13:15:15 INFO: 
 -----------------------------------
2025-03-15 13:15:15 INFO: Charlie behavioral pattern over the conversation:
2025-03-15 13:15:15 INFO: 
 /....................................../
2025-03-15 13:15:15 INFO:   Happy: 0 times
2025-03-15 13:15:15 INFO:   Neutral: 0 times
2025-03-15 13:15:15 INFO:   Angry: 0 times
2025-03-15 13:15:15 INFO:   Frustrated: 2 times
2025-03-15 13:15:15 INFO:   Nervous: 0 times
2025-03-15 13:15:15 INFO: 
 -----------------------------------
2025-03-15 13:15:15 INFO:   Increased risk-taking: 0 times
2025-03-15 13:15:15 INFO:   Positive reinforcement: 0 times
2025-03-15 13:15:15 INFO:   Baseline functioning: 0 times
2025-03-15 13:15:15 INFO:   Avoidance behavior: 2 times
2025-03-15 13:15:15 INFO:   Defensive mechanism: 0 times
2025-03-15 13:15:15 INFO: 
 -----------------------------------
2025-03-15 13:15:15 INFO:   I'm on the edge of my seat!: 0 times
2025-03-15 13:15:15 INFO:   Everything is awesome!: 0 times
2025-03-15 13:15:15 INFO:   Just another day.: 0 times
2025-03-15 13:15:15 INFO:   I'm fed up!: 2 times
2025-03-15 13:15:15 INFO:   I can't believe this!: 0 times
2025-03-15 13:15:15 INFO: 
 -----------------------------------
2025-03-15 13:15:15 INFO:   The pressure to be agreeable: 0 times
2025-03-15 13:15:15 INFO:   The pressure to be interesting or entertaining: 1 times
2025-03-15 13:15:15 INFO:   The pressure to avoid awkward silences: 0 times
2025-03-15 13:15:15 INFO:   'the pressure to conform: 0 times
2025-03-15 13:15:15 INFO:   The pressure to overshare or open up: 0 times
2025-03-15 13:15:15 INFO:   The pressure to respond immediately: 1 times
2025-03-15 13:15:15 INFO: 
 -----------------------------------
2025-03-15 13:15:15 INFO:   Cultural changes: 0 times
2025-03-15 13:15:15 INFO:   Social pressure: 0 times
2025-03-15 13:15:15 INFO:   Social learning: 2 times
2025-03-15 13:15:15 INFO: 
 -----------------------------------
2025-03-15 13:15:15 INFO: Eve behavioral pattern over the conversation:
2025-03-15 13:15:15 INFO: 
 /....................................../
2025-03-15 13:15:15 INFO:   Happy: 0 times
2025-03-15 13:15:15 INFO:   Neutral: 0 times
2025-03-15 13:15:15 INFO:   Angry: 0 times
2025-03-15 13:15:15 INFO:   Frustrated: 2 times
2025-03-15 13:15:15 INFO:   Nervous: 0 times
2025-03-15 13:15:15 INFO: 
 -----------------------------------
2025-03-15 13:15:15 INFO:   Increased risk-taking: 0 times
2025-03-15 13:15:15 INFO:   Positive reinforcement: 0 times
2025-03-15 13:15:15 INFO:   Baseline functioning: 0 times
2025-03-15 13:15:15 INFO:   Avoidance behavior: 2 times
2025-03-15 13:15:15 INFO:   Defensive mechanism: 0 times
2025-03-15 13:15:15 INFO: 
 -----------------------------------
2025-03-15 13:15:15 INFO:   I'm on the edge of my seat!: 0 times
2025-03-15 13:15:15 INFO:   Everything is awesome!: 0 times
2025-03-15 13:15:15 INFO:   Just another day.: 0 times
2025-03-15 13:15:15 INFO:   I'm fed up!: 2 times
2025-03-15 13:15:15 INFO:   I can't believe this!: 0 times
2025-03-15 13:15:15 INFO: 
 -----------------------------------
2025-03-15 13:15:15 INFO:   The pressure to be agreeable: 0 times
2025-03-15 13:15:15 INFO:   The pressure to be interesting or entertaining: 1 times
2025-03-15 13:15:15 INFO:   The pressure to avoid awkward silences: 1 times
2025-03-15 13:15:15 INFO:   'the pressure to conform: 0 times
2025-03-15 13:15:15 INFO:   The pressure to overshare or open up: 0 times
2025-03-15 13:15:15 INFO:   The pressure to respond immediately: 0 times
2025-03-15 13:15:15 INFO: 
 -----------------------------------
2025-03-15 13:15:15 INFO:   Cultural changes: 1 times
2025-03-15 13:15:15 INFO:   Social pressure: 1 times
2025-03-15 13:15:15 INFO:   Social learning: 0 times
2025-03-15 13:15:15 INFO: 
 -----------------------------------
2025-03-15 13:15:15 INFO: 
--- Impact of Rumors and Social Influence ---
2025-03-15 13:15:15 INFO:   David was influenced by the rumor: I just overheard someone say: 'I overheard someone say how AI ethics are impossible to regulate!' What do you think about that?
